<?xml version="1.0" encoding="UTF-8"?>
<testsuite xmlns:xsi="http://www.w3.org/2001/XMLSchema-instance" xsi:noNamespaceSchemaLocation="https://maven.apache.org/surefire/maven-surefire-plugin/xsd/surefire-test-report.xsd" name="TestSuite" time="57.713" tests="1" errors="0" skipped="0" failures="1">
  <properties>
[...]
</properties>
  <testcase name="loginPage" classname="orangehrmlogin.Login" time="57.113">
    <failure message="&#10;Build info: version: &apos;3.14.0&apos;, revision: &apos;aacccce0&apos;, time: &apos;2018-08-02T20:19:58.91Z&apos;&#10;System info: host: &apos;DCP-PC&apos;, ip: &apos;192.168.43.100&apos;, os.name: &apos;Windows 7&apos;, os.arch: &apos;amd64&apos;, os.version: &apos;6.1&apos;, java.version: &apos;1.8.0_191&apos;&#10;Driver info: org.openqa.selenium.firefox.FirefoxDriver&#10;Capabilities {acceptInsecureCerts: true, browserName: firefox, browserVersion: 55.0, javascriptEnabled: true, moz:accessibilityChecks: false, moz:processID: 5572, moz:profile: C:\Users\DCP\AppData\Local\..., pageLoadStrategy: normal, platform: XP, platformName: XP, platformVersion: 6.1, rotatable: false, specificationLevel: 0, timeouts: {implicit: 0, pageLoad: 300000, script: 30000}}&#10;Session ID: 0f6228a4-5e9f-446e-b924-6655e3aded4f" type="org.openqa.selenium.ElementNotInteractableException">org.openqa.selenium.ElementNotInteractableException: 

Build info: version: '3.14.0', revision: 'aacccce0', time: '2018-08-02T20:19:58.91Z'
System info: host: 'DCP-PC', ip: '192.168.43.100', os.name: 'Windows 7', os.arch: 'amd64', os.version: '6.1', java.version: '1.8.0_191'
Driver info: org.openqa.selenium.firefox.FirefoxDriver
Capabilities {acceptInsecureCerts: true, browserName: firefox, browserVersion: 55.0, javascriptEnabled: true, moz:accessibilityChecks: false, moz:processID: 5572, moz:profile: C:\Users\DCP\AppData\Local\..., pageLoadStrategy: normal, platform: XP, platformName: XP, platformVersion: 6.1, rotatable: false, specificationLevel: 0, timeouts: {implicit: 0, pageLoad: 300000, script: 30000}}
Session ID: 0f6228a4-5e9f-446e-b924-6655e3aded4f
	at orangehrmlogin.Login.loginPage(Login.java:21)
</failure>
    <system-err><![CDATA[1542986513229	geckodriver	INFO	geckodriver 0.19.0
1542986513252	geckodriver	INFO	Listening on 127.0.0.1:5850
1542986514204	mozrunner::runner	INFO	Running command: "C:\\Program Files\\Mozilla Firefox\\firefox.exe" "-marionette" "-profile" "C:\\Users\\DCP\\AppData\\Local\\Temp\\rust_mozprofile.p6QaV2aALcEA"
1542986515467	Marionette	INFO	Enabled via --marionette
Unable to read VR Path Registry from C:\Users\DCP\AppData\Local\openvr\openvrpaths.vrpath
[Child 7140] WARNING: pipe error: 109: file c:/builds/moz2_slave/m-rel-w64-00000000000000000000/build/src/ipc/chromium/src/chrome/common/ipc_channel_win.cc, line 346
1542986518405	Marionette	INFO	Listening on port 51219
1542986518428	Marionette	INFO	Listening on port 51219
1542986519465	Marionette	WARN	TLS certificate errors will be ignored for this session
1542986519538	Marionette	DEBUG	loaded listener.js
Nov 23, 2018 8:51:59 PM org.openqa.selenium.remote.ProtocolHandshake createSession
INFO: Detected dialect: W3C
1542986519682	Marionette	DEBUG	Received DOM event "beforeunload" for "about:blank"
1542986524310	Marionette	DEBUG	Received DOM event "pagehide" for "about:blank"
1542986524312	Marionette	DEBUG	Received DOM event "unload" for "about:blank"
1542986529518	Marionette	DEBUG	Received DOM event "DOMContentLoaded" for "https://opensource-demo.orangehrmlive.com/"
1542986532997	Marionette	DEBUG	Received DOM event "pageshow" for "https://opensource-demo.orangehrmlive.com/"
1542986533300	Marionette	DEBUG	Received DOM event "beforeunload" for "https://opensource-demo.orangehrmlive.com/"
1542986535522	Marionette	DEBUG	Received DOM event "pagehide" for "https://opensource-demo.orangehrmlive.com/"
1542986535523	Marionette	DEBUG	Received DOM event "unload" for "https://opensource-demo.orangehrmlive.com/"
1542986540781	Marionette	DEBUG	Received DOM event "DOMContentLoaded" for "https://opensource-demo.orangehrmlive.com/index.php/dashboard"
1542986569217	Marionette	DEBUG	Received DOM event "pageshow" for "https://opensource-demo.orangehrmlive.com/index.php/dashboard"
1542986569513	Marionette	DEBUG	Canceled page load listener because no navigation has been detected
]]></system-err>
  </testcase>
</testsuite>