<?xml version="1.0" encoding="UTF-8"?>
<testng-results skipped="0" failed="0" ignored="0" total="1" passed="1">
  <reporter-output>
  </reporter-output>
  <suite name="Default suite" duration-ms="16421" started-at="2018-11-23T13:48:08Z" finished-at="2018-11-23T13:48:24Z">
    <groups>
    </groups>
    <test name="Default test" duration-ms="16421" started-at="2018-11-23T13:48:08Z" finished-at="2018-11-23T13:48:24Z">
      <class name="orangehrmlogin.Login">
        <test-method status="PASS" signature="loginPage()[pri:0, instance:orangehrmlogin.Login@6d8a00e3]" name="loginPage" duration-ms="16385" started-at="2018-11-23T19:18:08Z" finished-at="2018-11-23T19:18:24Z">
          <reporter-output>
          </reporter-output>
        </test-method> <!-- loginPage -->
      </class> <!-- orangehrmlogin.Login -->
    </test> <!-- Default test -->
  </suite> <!-- Default suite -->
</testng-results>
